d:\vs projects\colormap-optimization-gpu-online\colormap-optimization-gpu\x64\debug\vc140.pdb
d:\vs projects\colormap-optimization-gpu-online\colormap-optimization-gpu\x64\debug\vc140.idb
d:\vs projects\colormap-optimization-gpu-online\colormap-optimization-gpu\x64\debug\main.obj
d:\vs projects\colormap-optimization-gpu-online\colormap-optimization-gpu\x64\debug\mycolor.obj
d:\vs projects\colormap-optimization-gpu-online\colormap-optimization-gpu\x64\debug\optimizer.obj
d:\vs projects\colormap-optimization-gpu-online\colormap-optimization-gpu\x64\debug\pyinterface.obj
d:\vs projects\colormap-optimization-gpu-online\colormap-optimization-gpu\x64\debug\stdafx.obj
d:\vs projects\colormap-optimization-gpu-online\x64\debug\colormap-optimization-gpu.lib
d:\vs projects\colormap-optimization-gpu-online\x64\debug\colormap-optimization-gpu.exp
d:\vs projects\colormap-optimization-gpu-online\x64\debug\colormap-optimization-gpu.ilk
d:\vs projects\colormap-optimization-gpu-online\x64\debug\colormap-optimization-gpu.exe
d:\vs projects\colormap-optimization-gpu-online\x64\debug\colormap-optimization-gpu.pdb
d:\vs projects\colormap-optimization-gpu-online\colormap-optimization-gpu\x64\debug\cuda_common.cu.cache
d:\vs projects\colormap-optimization-gpu-online\colormap-optimization-gpu\x64\debug\colormap-optimization-gpu.device-link.obj
d:\vs projects\colormap-optimization-gpu-online\colormap-optimization-gpu\x64\debug\cuda_common.cu.obj
d:\vs projects\colormap-optimization-gpu-online\colormap-optimization-gpu\x64\debug\colormap.0a3c55c1.tlog\cl.command.1.tlog
d:\vs projects\colormap-optimization-gpu-online\colormap-optimization-gpu\x64\debug\colormap.0a3c55c1.tlog\cl.read.1.tlog
d:\vs projects\colormap-optimization-gpu-online\colormap-optimization-gpu\x64\debug\colormap.0a3c55c1.tlog\cl.write.1.tlog
d:\vs projects\colormap-optimization-gpu-online\colormap-optimization-gpu\x64\debug\colormap.0a3c55c1.tlog\colormap-optimization-gpu.write.1u.tlog
d:\vs projects\colormap-optimization-gpu-online\colormap-optimization-gpu\x64\debug\colormap.0a3c55c1.tlog\link.command.1.tlog
d:\vs projects\colormap-optimization-gpu-online\colormap-optimization-gpu\x64\debug\colormap.0a3c55c1.tlog\link.read.1.tlog
d:\vs projects\colormap-optimization-gpu-online\colormap-optimization-gpu\x64\debug\colormap.0a3c55c1.tlog\link.write.1.tlog
