e:\colormap项目整理wyq\cmapopt-gpu-online\colormap-optimization-gpu\x64\release\vc140.pdb
e:\colormap项目整理wyq\cmapopt-gpu-online\colormap-optimization-gpu\x64\release\main.obj
e:\colormap项目整理wyq\cmapopt-gpu-online\colormap-optimization-gpu\x64\release\interface.obj
e:\colormap项目整理wyq\cmapopt-gpu-online\colormap-optimization-gpu\x64\release\cmaputils.obj
e:\colormap项目整理wyq\cmapopt-gpu-online\colormap-optimization-gpu\x64\release\cmapopt.obj
e:\colormap项目整理wyq\cmapopt-gpu-online\colormap-optimization-gpu\x64\release\cmap.obj
e:\colormap项目整理wyq\cmapopt-gpu-online\colormap-optimization-gpu\x64\release\stdafx.obj
e:\colormap项目整理wyq\cmapopt-gpu-online\colormap-optimization-gpu\x64\release\mycolor.obj
e:\colormap项目整理wyq\cmapopt-gpu-online\x64\release\cmapopt-gpu-online.lib
e:\colormap项目整理wyq\cmapopt-gpu-online\x64\release\cmapopt-gpu-online.exp
e:\colormap项目整理wyq\cmapopt-gpu-online\x64\release\cmapopt-gpu-online.dll
e:\colormap项目整理wyq\cmapopt-gpu-online\x64\release\cmapopt-gpu-online.ipdb
e:\colormap项目整理wyq\cmapopt-gpu-online\x64\release\cmapopt-gpu-online.iobj
e:\colormap项目整理wyq\cmapopt-gpu-online\x64\release\cmapopt-gpu-online.pdb
e:\colormap项目整理wyq\cmapopt-gpu-online\colormap-optimization-gpu\x64\release\cuda_common.cu.cache
e:\colormap项目整理wyq\cmapopt-gpu-online\colormap-optimization-gpu\x64\release\cmapopt-gpu-online.device-link.obj
e:\colormap项目整理wyq\cmapopt-gpu-online\colormap-optimization-gpu\x64\release\cuda_common.cu.obj
e:\colormap项目整理wyq\cmapopt-gpu-online\colormap-optimization-gpu\x64\release\cmapopt-.0a3c55c1.tlog\cl.command.1.tlog
e:\colormap项目整理wyq\cmapopt-gpu-online\colormap-optimization-gpu\x64\release\cmapopt-.0a3c55c1.tlog\cl.read.1.tlog
e:\colormap项目整理wyq\cmapopt-gpu-online\colormap-optimization-gpu\x64\release\cmapopt-.0a3c55c1.tlog\cl.write.1.tlog
e:\colormap项目整理wyq\cmapopt-gpu-online\colormap-optimization-gpu\x64\release\cmapopt-.0a3c55c1.tlog\cmapopt-gpu-online.write.1u.tlog
e:\colormap项目整理wyq\cmapopt-gpu-online\colormap-optimization-gpu\x64\release\cmapopt-.0a3c55c1.tlog\link.command.1.tlog
e:\colormap项目整理wyq\cmapopt-gpu-online\colormap-optimization-gpu\x64\release\cmapopt-.0a3c55c1.tlog\link.read.1.tlog
e:\colormap项目整理wyq\cmapopt-gpu-online\colormap-optimization-gpu\x64\release\cmapopt-.0a3c55c1.tlog\link.write.1.tlog
