C:\Program Files (x86)\MSBuild\Microsoft.Cpp\v4.0\V140\Microsoft.CppBuild.targets(392,5): warning MSB8028: The intermediate directory (x64\Release\) contains files shared from another project (colormap-optimization-gpu.vcxproj).  This can lead to incorrect clean and rebuild behavior.
  Compiling CUDA source file cuda_common.cu...
  
  D:\cMapOpt-gpu-online\colormap-optimization-gpu>"C:\Program Files\NVIDIA GPU Computing Toolkit\CUDA\v9.2\bin\nvcc.exe" -gencode=arch=compute_52,code=\"sm_52,compute_52\" --use-local-env -ccbin "C:\Program Files (x86)\VC\bin\x86_amd64" -x cu -rdc=true -I"C:\Program Files\NVIDIA GPU Computing Toolkit\CUDA\v9.2\include" -I"C:\Program Files\NVIDIA GPU Computing Toolkit\CUDA\v9.2\include"     --keep-dir x64\Release -maxrregcount=0  --machine 64 --compile -cudart static -fmad=false -g   -DWIN32 -DWIN64 -DNDEBUG -D_CONSOLE -D_MBCS -Xcompiler "/EHsc /W3 /nologo /O2 /Fdx64\Release\vc140.pdb /FS /Zi  /MD " -o x64\Release\cuda_common.cu.obj "D:\cMapOpt-gpu-online\colormap-optimization-gpu\cuda_common.cu" 
c:\program files\nvidia gpu computing toolkit\cuda\v9.2\include\crt\math_functions.h : warning C4819: 该文件包含不能在当前代码页(936)中表示的字符。请将该文件保存为 Unicode 格式以防止数据丢失
c:\program files\nvidia gpu computing toolkit\cuda\v9.2\include\crt\math_functions.h(831): warning C4819: 该文件包含不能在当前代码页(936)中表示的字符。请将该文件保存为 Unicode 格式以防止数据丢失
c:\program files\nvidia gpu computing toolkit\cuda\v9.2\include\crt\math_functions.h(1769): warning C4819: 该文件包含不能在当前代码页(936)中表示的字符。请将该文件保存为 Unicode 格式以防止数据丢失
c:\program files\nvidia gpu computing toolkit\cuda\v9.2\include\crt\math_functions.h(2624): warning C4819: 该文件包含不能在当前代码页(936)中表示的字符。请将该文件保存为 Unicode 格式以防止数据丢失
c:\program files\nvidia gpu computing toolkit\cuda\v9.2\include\crt\math_functions.h(3462): warning C4819: 该文件包含不能在当前代码页(936)中表示的字符。请将该文件保存为 Unicode 格式以防止数据丢失
c:\program files\nvidia gpu computing toolkit\cuda\v9.2\include\crt\math_functions.h(4411): warning C4819: 该文件包含不能在当前代码页(936)中表示的字符。请将该文件保存为 Unicode 格式以防止数据丢失
c:\program files\nvidia gpu computing toolkit\cuda\v9.2\include\crt\math_functions.h(5309): warning C4819: 该文件包含不能在当前代码页(936)中表示的字符。请将该文件保存为 Unicode 格式以防止数据丢失
c:\program files\nvidia gpu computing toolkit\cuda\v9.2\include\crt\math_functions.h(6217): warning C4819: 该文件包含不能在当前代码页(936)中表示的字符。请将该文件保存为 Unicode 格式以防止数据丢失
c:\program files\nvidia gpu computing toolkit\cuda\v9.2\include\crt\math_functions.h(7097): warning C4819: 该文件包含不能在当前代码页(936)中表示的字符。请将该文件保存为 Unicode 格式以防止数据丢失
c:\program files\nvidia gpu computing toolkit\cuda\v9.2\include\crt\math_functions.h(7901): warning C4819: 该文件包含不能在当前代码页(936)中表示的字符。请将该文件保存为 Unicode 格式以防止数据丢失
c:\program files\nvidia gpu computing toolkit\cuda\v9.2\include\crt/device_functions.h : warning C4819: 该文件包含不能在当前代码页(936)中表示的字符。请将该文件保存为 Unicode 格式以防止数据丢失
c:\program files\nvidia gpu computing toolkit\cuda\v9.2\include\crt/device_functions.h(776): warning C4819: 该文件包含不能在当前代码页(936)中表示的字符。请将该文件保存为 Unicode 格式以防止数据丢失
c:\program files\nvidia gpu computing toolkit\cuda\v9.2\include\crt/device_functions.h(1636): warning C4819: 该文件包含不能在当前代码页(936)中表示的字符。请将该文件保存为 Unicode 格式以防止数据丢失
c:\program files\nvidia gpu computing toolkit\cuda\v9.2\include\crt\device_double_functions.h : warning C4819: 该文件包含不能在当前代码页(936)中表示的字符。请将该文件保存为 Unicode 格式以防止数据丢失
c:\program files\nvidia gpu computing toolkit\cuda\v9.2\include\sm_20_intrinsics.h : warning C4819: 该文件包含不能在当前代码页(936)中表示的字符。请将该文件保存为 Unicode 格式以防止数据丢失
c:\program files\nvidia gpu computing toolkit\cuda\v9.2\include\sm_20_intrinsics.h(925): warning C4819: 该文件包含不能在当前代码页(936)中表示的字符。请将该文件保存为 Unicode 格式以防止数据丢失
c:\program files\nvidia gpu computing toolkit\cuda\v9.2\include\crt/device_functions.h : warning C4819: 该文件包含不能在当前代码页(936)中表示的字符。请将该文件保存为 Unicode 格式以防止数据丢失
c:\program files\nvidia gpu computing toolkit\cuda\v9.2\include\crt/device_functions.h(776): warning C4819: 该文件包含不能在当前代码页(936)中表示的字符。请将该文件保存为 Unicode 格式以防止数据丢失
c:\program files\nvidia gpu computing toolkit\cuda\v9.2\include\crt/device_functions.h(1636): warning C4819: 该文件包含不能在当前代码页(936)中表示的字符。请将该文件保存为 Unicode 格式以防止数据丢失
E:\opencv\cuda_bulid\install\include\opencv2/stitching/detail/warpers.hpp(213): warning : overloaded virtual function "cv::detail::PlaneWarper::buildMaps" is only partially overridden in class "cv::detail::AffineWarper"
E:\opencv\cuda_bulid\install\include\opencv2/stitching/detail/warpers.hpp(213): warning : overloaded virtual function "cv::detail::PlaneWarper::warp" is only partially overridden in class "cv::detail::AffineWarper"
E:\opencv\cuda_bulid\install\include\opencv2/videostab/motion_stabilizing.hpp(106): warning : function "cv::videostab::IMotionStabilizer::stabilize(int, const std::vector<cv::Mat, std::allocator<cv::Mat>> &, std::pair<int, int>, cv::Mat *)" is hidden by "cv::videostab::GaussianMotionFilter::stabilize" -- virtual function override intended?
c:\program files\nvidia gpu computing toolkit\cuda\v9.2\include\crt\math_functions.h : warning C4819: 该文件包含不能在当前代码页(936)中表示的字符。请将该文件保存为 Unicode 格式以防止数据丢失
c:\program files\nvidia gpu computing toolkit\cuda\v9.2\include\crt\math_functions.h(831): warning C4819: 该文件包含不能在当前代码页(936)中表示的字符。请将该文件保存为 Unicode 格式以防止数据丢失
c:\program files\nvidia gpu computing toolkit\cuda\v9.2\include\crt\math_functions.h(1769): warning C4819: 该文件包含不能在当前代码页(936)中表示的字符。请将该文件保存为 Unicode 格式以防止数据丢失
c:\program files\nvidia gpu computing toolkit\cuda\v9.2\include\crt\math_functions.h(2624): warning C4819: 该文件包含不能在当前代码页(936)中表示的字符。请将该文件保存为 Unicode 格式以防止数据丢失
c:\program files\nvidia gpu computing toolkit\cuda\v9.2\include\crt\math_functions.h(3462): warning C4819: 该文件包含不能在当前代码页(936)中表示的字符。请将该文件保存为 Unicode 格式以防止数据丢失
c:\program files\nvidia gpu computing toolkit\cuda\v9.2\include\crt\math_functions.h(4411): warning C4819: 该文件包含不能在当前代码页(936)中表示的字符。请将该文件保存为 Unicode 格式以防止数据丢失
c:\program files\nvidia gpu computing toolkit\cuda\v9.2\include\crt\math_functions.h(5309): warning C4819: 该文件包含不能在当前代码页(936)中表示的字符。请将该文件保存为 Unicode 格式以防止数据丢失
c:\program files\nvidia gpu computing toolkit\cuda\v9.2\include\crt\math_functions.h(6217): warning C4819: 该文件包含不能在当前代码页(936)中表示的字符。请将该文件保存为 Unicode 格式以防止数据丢失
c:\program files\nvidia gpu computing toolkit\cuda\v9.2\include\crt\math_functions.h(7097): warning C4819: 该文件包含不能在当前代码页(936)中表示的字符。请将该文件保存为 Unicode 格式以防止数据丢失
c:\program files\nvidia gpu computing toolkit\cuda\v9.2\include\crt\math_functions.h(7901): warning C4819: 该文件包含不能在当前代码页(936)中表示的字符。请将该文件保存为 Unicode 格式以防止数据丢失
c:\program files\nvidia gpu computing toolkit\cuda\v9.2\include\crt/device_functions.h : warning C4819: 该文件包含不能在当前代码页(936)中表示的字符。请将该文件保存为 Unicode 格式以防止数据丢失
c:\program files\nvidia gpu computing toolkit\cuda\v9.2\include\crt/device_functions.h(776): warning C4819: 该文件包含不能在当前代码页(936)中表示的字符。请将该文件保存为 Unicode 格式以防止数据丢失
c:\program files\nvidia gpu computing toolkit\cuda\v9.2\include\crt/device_functions.h(1636): warning C4819: 该文件包含不能在当前代码页(936)中表示的字符。请将该文件保存为 Unicode 格式以防止数据丢失
c:\program files\nvidia gpu computing toolkit\cuda\v9.2\include\crt\device_double_functions.h : warning C4819: 该文件包含不能在当前代码页(936)中表示的字符。请将该文件保存为 Unicode 格式以防止数据丢失
c:\program files\nvidia gpu computing toolkit\cuda\v9.2\include\sm_20_intrinsics.h : warning C4819: 该文件包含不能在当前代码页(936)中表示的字符。请将该文件保存为 Unicode 格式以防止数据丢失
c:\program files\nvidia gpu computing toolkit\cuda\v9.2\include\sm_20_intrinsics.h(925): warning C4819: 该文件包含不能在当前代码页(936)中表示的字符。请将该文件保存为 Unicode 格式以防止数据丢失
c:\program files\nvidia gpu computing toolkit\cuda\v9.2\include\crt/device_functions.h : warning C4819: 该文件包含不能在当前代码页(936)中表示的字符。请将该文件保存为 Unicode 格式以防止数据丢失
c:\program files\nvidia gpu computing toolkit\cuda\v9.2\include\crt/device_functions.h(776): warning C4819: 该文件包含不能在当前代码页(936)中表示的字符。请将该文件保存为 Unicode 格式以防止数据丢失
c:\program files\nvidia gpu computing toolkit\cuda\v9.2\include\crt/device_functions.h(1636): warning C4819: 该文件包含不能在当前代码页(936)中表示的字符。请将该文件保存为 Unicode 格式以防止数据丢失
e:\opencv\cuda_bulid\install\include\opencv2\flann\lsh_table.h(220): warning : statement is unreachable
e:\opencv\cuda_bulid\install\include\opencv2\flann\lsh_table.h(225): warning : statement is unreachable
e:\opencv\cuda_bulid\install\include\opencv2\flann\lsh_table.h(234): warning : statement is unreachable
E:\opencv\cuda_bulid\install\include\opencv2/stitching/detail/warpers.hpp(213): warning : overloaded virtual function "cv::detail::PlaneWarper::buildMaps" is only partially overridden in class "cv::detail::AffineWarper"
E:\opencv\cuda_bulid\install\include\opencv2/stitching/detail/warpers.hpp(213): warning : overloaded virtual function "cv::detail::PlaneWarper::warp" is only partially overridden in class "cv::detail::AffineWarper"
E:\opencv\cuda_bulid\install\include\opencv2/videostab/motion_stabilizing.hpp(106): warning : function "cv::videostab::IMotionStabilizer::stabilize(int, const std::vector<cv::Mat, std::allocator<cv::Mat>> &, std::pair<int, int>, cv::Mat *)" is hidden by "cv::videostab::GaussianMotionFilter::stabilize" -- virtual function override intended?
  cuda_common.cu
D:/cMapOpt-gpu-online/colormap-optimization-gpu/cuda_common.cu(369): warning C4244: “初始化”: 从“double”转换到“float”，可能丢失数据
c:\program files\nvidia gpu computing toolkit\cuda\v9.2\include\crt\math_functions.h : warning C4819: 该文件包含不能在当前代码页(936)中表示的字符。请将该文件保存为 Unicode 格式以防止数据丢失
c:\program files\nvidia gpu computing toolkit\cuda\v9.2\include\crt\math_functions.h(831): warning C4819: 该文件包含不能在当前代码页(936)中表示的字符。请将该文件保存为 Unicode 格式以防止数据丢失
c:\program files\nvidia gpu computing toolkit\cuda\v9.2\include\crt\math_functions.h(1769): warning C4819: 该文件包含不能在当前代码页(936)中表示的字符。请将该文件保存为 Unicode 格式以防止数据丢失
c:\program files\nvidia gpu computing toolkit\cuda\v9.2\include\crt\math_functions.h(2624): warning C4819: 该文件包含不能在当前代码页(936)中表示的字符。请将该文件保存为 Unicode 格式以防止数据丢失
c:\program files\nvidia gpu computing toolkit\cuda\v9.2\include\crt\math_functions.h(3462): warning C4819: 该文件包含不能在当前代码页(936)中表示的字符。请将该文件保存为 Unicode 格式以防止数据丢失
c:\program files\nvidia gpu computing toolkit\cuda\v9.2\include\crt\math_functions.h(4411): warning C4819: 该文件包含不能在当前代码页(936)中表示的字符。请将该文件保存为 Unicode 格式以防止数据丢失
c:\program files\nvidia gpu computing toolkit\cuda\v9.2\include\crt\math_functions.h(5309): warning C4819: 该文件包含不能在当前代码页(936)中表示的字符。请将该文件保存为 Unicode 格式以防止数据丢失
c:\program files\nvidia gpu computing toolkit\cuda\v9.2\include\crt\math_functions.h(6217): warning C4819: 该文件包含不能在当前代码页(936)中表示的字符。请将该文件保存为 Unicode 格式以防止数据丢失
c:\program files\nvidia gpu computing toolkit\cuda\v9.2\include\crt\math_functions.h(7097): warning C4819: 该文件包含不能在当前代码页(936)中表示的字符。请将该文件保存为 Unicode 格式以防止数据丢失
c:\program files\nvidia gpu computing toolkit\cuda\v9.2\include\crt\math_functions.h(7901): warning C4819: 该文件包含不能在当前代码页(936)中表示的字符。请将该文件保存为 Unicode 格式以防止数据丢失
  cMap.cpp
d:\cmapopt-gpu-online\colormap-optimization-gpu\cMapUtils.h(177): warning C4244: “参数”: 从“float”转换到“int”，可能丢失数据
d:\cmapopt-gpu-online\colormap-optimization-gpu\cMapUtils.h(180): warning C4244: “=”: 从“int”转换到“float”，可能丢失数据
c:\program files\nvidia gpu computing toolkit\cuda\v9.2\include\crt/device_functions.h : warning C4819: 该文件包含不能在当前代码页(936)中表示的字符。请将该文件保存为 Unicode 格式以防止数据丢失
c:\program files\nvidia gpu computing toolkit\cuda\v9.2\include\crt/device_functions.h(776): warning C4819: 该文件包含不能在当前代码页(936)中表示的字符。请将该文件保存为 Unicode 格式以防止数据丢失
c:\program files\nvidia gpu computing toolkit\cuda\v9.2\include\crt/device_functions.h(1636): warning C4819: 该文件包含不能在当前代码页(936)中表示的字符。请将该文件保存为 Unicode 格式以防止数据丢失
c:\program files\nvidia gpu computing toolkit\cuda\v9.2\include\crt\device_double_functions.h : warning C4819: 该文件包含不能在当前代码页(936)中表示的字符。请将该文件保存为 Unicode 格式以防止数据丢失
c:\program files\nvidia gpu computing toolkit\cuda\v9.2\include\sm_20_intrinsics.h : warning C4819: 该文件包含不能在当前代码页(936)中表示的字符。请将该文件保存为 Unicode 格式以防止数据丢失
c:\program files\nvidia gpu computing toolkit\cuda\v9.2\include\sm_20_intrinsics.h(925): warning C4819: 该文件包含不能在当前代码页(936)中表示的字符。请将该文件保存为 Unicode 格式以防止数据丢失
  cMapOpt.cpp
d:\cmapopt-gpu-online\colormap-optimization-gpu\cMapUtils.h(177): warning C4244: “参数”: 从“float”转换到“int”，可能丢失数据
d:\cmapopt-gpu-online\colormap-optimization-gpu\cMapUtils.h(180): warning C4244: “=”: 从“int”转换到“float”，可能丢失数据
c:\program files\nvidia gpu computing toolkit\cuda\v9.2\include\crt/device_functions.h : warning C4819: 该文件包含不能在当前代码页(936)中表示的字符。请将该文件保存为 Unicode 格式以防止数据丢失
c:\program files\nvidia gpu computing toolkit\cuda\v9.2\include\crt/device_functions.h(776): warning C4819: 该文件包含不能在当前代码页(936)中表示的字符。请将该文件保存为 Unicode 格式以防止数据丢失
c:\program files\nvidia gpu computing toolkit\cuda\v9.2\include\crt/device_functions.h(1636): warning C4819: 该文件包含不能在当前代码页(936)中表示的字符。请将该文件保存为 Unicode 格式以防止数据丢失
c:\program files\nvidia gpu computing toolkit\cuda\v9.2\include\crt\device_double_functions.h : warning C4819: 该文件包含不能在当前代码页(936)中表示的字符。请将该文件保存为 Unicode 格式以防止数据丢失
c:\program files\nvidia gpu computing toolkit\cuda\v9.2\include\sm_20_intrinsics.h : warning C4819: 该文件包含不能在当前代码页(936)中表示的字符。请将该文件保存为 Unicode 格式以防止数据丢失
c:\program files\nvidia gpu computing toolkit\cuda\v9.2\include\sm_20_intrinsics.h(925): warning C4819: 该文件包含不能在当前代码页(936)中表示的字符。请将该文件保存为 Unicode 格式以防止数据丢失
cMapOpt.cpp(260): warning C4244: “=”: 从“double”转换到“float”，可能丢失数据
cMapOpt.cpp(261): warning C4244: “return”: 从“double”转换到“float”，可能丢失数据
cMapOpt.cpp(272): warning C4244: “初始化”: 从“double”转换到“float”，可能丢失数据
cMapOpt.cpp(313): warning C4244: “return”: 从“double”转换到“float”，可能丢失数据
  cMapUtils.cpp
d:\cmapopt-gpu-online\colormap-optimization-gpu\cMapUtils.h(177): warning C4244: “参数”: 从“float”转换到“int”，可能丢失数据
d:\cmapopt-gpu-online\colormap-optimization-gpu\cMapUtils.h(180): warning C4244: “=”: 从“int”转换到“float”，可能丢失数据
cMapUtils.cpp(110): warning C4996: '_splitpath': This function or variable may be unsafe. Consider using _splitpath_s instead. To disable deprecation, use _CRT_SECURE_NO_WARNINGS. See online help for details.
  C:\Program Files (x86)\Windows Kits\10\Include\10.0.10240.0\ucrt\stdlib.h(1096): note: 参见“_splitpath”的声明
cMapUtils.cpp(182): warning C4244: “=”: 从“double”转换到“float”，可能丢失数据
cMapUtils.cpp(306): warning C4244: “=”: 从“double”转换到“float”，可能丢失数据
cMapUtils.cpp(598): warning C4244: “=”: 从“std::size_t”转换到“float”，可能丢失数据
cMapUtils.cpp(679): warning C4244: “初始化”: 从“double”转换到“float”，可能丢失数据
cMapUtils.cpp(723): warning C4244: “初始化”: 从“double”转换到“float”，可能丢失数据
cMapUtils.cpp(967): warning C4305: “初始化”: 从“double”到“float”截断
C:\Program Files (x86)\VC\include\xutility(2316): warning C4244: “=”: 从“const double”转换到“float”，可能丢失数据
  C:\Program Files (x86)\VC\include\xutility(2335): note: 参见对正在编译的函数 模板 实例化“_OutIt std::_Copy_unchecked1<_InIt,_OutIt>(_InIt,_InIt,_OutIt,std::_General_ptr_iterator_tag)”的引用
          with
          [
              _OutIt=float *,
              _InIt=const double *
          ]
  C:\Program Files (x86)\VC\include\xutility(2354): note: 参见对正在编译的函数 模板 实例化“_OutIt std::_Copy_unchecked<_InIt,_Iter>(_InIt,_InIt,_OutIt)”的引用
          with
          [
              _OutIt=float *,
              _InIt=const double *,
              _Iter=float *
          ]
  C:\Program Files (x86)\VC\include\xutility(2364): note: 参见对正在编译的函数 模板 实例化“_OutIt std::_Copy_no_deprecate1<_Iter,_OutIt>(_InIt,_InIt,_OutIt,std::random_access_iterator_tag,std::random_access_iterator_tag)”的引用
          with
          [
              _OutIt=float *,
              _Iter=const double *,
              _InIt=const double *
          ]
  C:\Program Files (x86)\VC\include\xutility(2373): note: 参见对正在编译的函数 模板 实例化“_OutIt std::_Copy_no_deprecate<_InIt,_OutIt>(_InIt,_InIt,_OutIt)”的引用
          with
          [
              _OutIt=float *,
              _InIt=const double *
          ]
  cMapUtils.cpp(864): note: 参见对正在编译的函数 模板 实例化“_OutIt *std::copy<const double*,float*>(_InIt,_InIt,_OutIt)”的引用
          with
          [
              _OutIt=float *,
              _InIt=const double *
          ]
  interface.cpp
d:\cmapopt-gpu-online\colormap-optimization-gpu\cMapUtils.h(177): warning C4244: “参数”: 从“float”转换到“int”，可能丢失数据
d:\cmapopt-gpu-online\colormap-optimization-gpu\cMapUtils.h(180): warning C4244: “=”: 从“int”转换到“float”，可能丢失数据
c:\program files\nvidia gpu computing toolkit\cuda\v9.2\include\crt/device_functions.h : warning C4819: 该文件包含不能在当前代码页(936)中表示的字符。请将该文件保存为 Unicode 格式以防止数据丢失
c:\program files\nvidia gpu computing toolkit\cuda\v9.2\include\crt/device_functions.h(776): warning C4819: 该文件包含不能在当前代码页(936)中表示的字符。请将该文件保存为 Unicode 格式以防止数据丢失
c:\program files\nvidia gpu computing toolkit\cuda\v9.2\include\crt/device_functions.h(1636): warning C4819: 该文件包含不能在当前代码页(936)中表示的字符。请将该文件保存为 Unicode 格式以防止数据丢失
c:\program files\nvidia gpu computing toolkit\cuda\v9.2\include\crt\device_double_functions.h : warning C4819: 该文件包含不能在当前代码页(936)中表示的字符。请将该文件保存为 Unicode 格式以防止数据丢失
c:\program files\nvidia gpu computing toolkit\cuda\v9.2\include\sm_20_intrinsics.h : warning C4819: 该文件包含不能在当前代码页(936)中表示的字符。请将该文件保存为 Unicode 格式以防止数据丢失
c:\program files\nvidia gpu computing toolkit\cuda\v9.2\include\sm_20_intrinsics.h(925): warning C4819: 该文件包含不能在当前代码页(936)中表示的字符。请将该文件保存为 Unicode 格式以防止数据丢失
  main.cpp
d:\cmapopt-gpu-online\colormap-optimization-gpu\cMapUtils.h(177): warning C4244: “参数”: 从“float”转换到“int”，可能丢失数据
d:\cmapopt-gpu-online\colormap-optimization-gpu\cMapUtils.h(180): warning C4244: “=”: 从“int”转换到“float”，可能丢失数据
c:\program files\nvidia gpu computing toolkit\cuda\v9.2\include\crt/device_functions.h : warning C4819: 该文件包含不能在当前代码页(936)中表示的字符。请将该文件保存为 Unicode 格式以防止数据丢失
c:\program files\nvidia gpu computing toolkit\cuda\v9.2\include\crt/device_functions.h(776): warning C4819: 该文件包含不能在当前代码页(936)中表示的字符。请将该文件保存为 Unicode 格式以防止数据丢失
c:\program files\nvidia gpu computing toolkit\cuda\v9.2\include\crt/device_functions.h(1636): warning C4819: 该文件包含不能在当前代码页(936)中表示的字符。请将该文件保存为 Unicode 格式以防止数据丢失
c:\program files\nvidia gpu computing toolkit\cuda\v9.2\include\crt\device_double_functions.h : warning C4819: 该文件包含不能在当前代码页(936)中表示的字符。请将该文件保存为 Unicode 格式以防止数据丢失
c:\program files\nvidia gpu computing toolkit\cuda\v9.2\include\sm_20_intrinsics.h : warning C4819: 该文件包含不能在当前代码页(936)中表示的字符。请将该文件保存为 Unicode 格式以防止数据丢失
c:\program files\nvidia gpu computing toolkit\cuda\v9.2\include\sm_20_intrinsics.h(925): warning C4819: 该文件包含不能在当前代码页(936)中表示的字符。请将该文件保存为 Unicode 格式以防止数据丢失
main.cpp(17): warning C4305: “初始化”: 从“double”到“float”截断
main.cpp(96): warning C4305: “参数”: 从“double”到“float”截断
main.cpp(156): warning C4267: “初始化”: 从“size_t”转换到“int”，可能丢失数据
main.cpp(163): warning C4267: “初始化”: 从“size_t”转换到“int”，可能丢失数据
main.cpp(179): warning C4267: “初始化”: 从“size_t”转换到“int”，可能丢失数据
main.cpp(180): warning C4267: “初始化”: 从“size_t”转换到“int”，可能丢失数据
main.cpp(186): warning C4267: “=”: 从“size_t”转换到“int”，可能丢失数据
main.cpp(187): warning C4267: “=”: 从“size_t”转换到“int”，可能丢失数据
main.cpp(267): warning C4244: “初始化”: 从“double”转换到“float”，可能丢失数据
  stdafx.cpp
  
  D:\cMapOpt-gpu-online\colormap-optimization-gpu>"C:\Program Files\NVIDIA GPU Computing Toolkit\CUDA\v9.2\bin\nvcc.exe" -dlink -o x64\Release\cMapOpt-gpu-online.device-link.obj -Xcompiler "/EHsc /W3 /nologo /O2 /Zi  /MD " -L"C:\Program Files\NVIDIA GPU Computing Toolkit\CUDA\v9.2\lib\x64" cudadevrt.lib cudart.lib kernel32.lib user32.lib gdi32.lib winspool.lib comdlg32.lib advapi32.lib shell32.lib ole32.lib oleaut32.lib uuid.lib odbc32.lib odbccp32.lib knitro1200.lib opencv_world342.lib opencv_world342d.lib  -gencode=arch=compute_52,code=sm_52  --machine 64 x64\Release\cuda_common.cu.obj 
  cudadevrt.lib
  cudart.lib
  kernel32.lib
  user32.lib
  gdi32.lib
  winspool.lib
  comdlg32.lib
  advapi32.lib
  shell32.lib
  ole32.lib
  oleaut32.lib
  uuid.lib
  odbc32.lib
  odbccp32.lib
  knitro1200.lib
  opencv_world342.lib
  opencv_world342d.lib
  cuda_common.cu.obj
    正在创建库 D:\cMapOpt-gpu-online\x64\Release\cMapOpt-gpu-online.lib 和对象 D:\cMapOpt-gpu-online\x64\Release\cMapOpt-gpu-online.exp
  正在生成代码
  107 of 1062 functions (10.1%) were compiled, the rest were copied from previous compilation.
    0 functions were new in current compilation
    14 functions had inline decision re-evaluated but remain unchanged
  已完成代码的生成
  colormap-optimization-gpu.vcxproj -> D:\cMapOpt-gpu-online\x64\Release\cMapOpt-gpu-online.exe
  colormap-optimization-gpu.vcxproj -> D:\cMapOpt-gpu-online\x64\Release\cMapOpt-gpu-online.pdb (Full PDB)
  copy "C:\Program Files\NVIDIA GPU Computing Toolkit\CUDA\v9.2\bin\cudart*.dll" "D:\cMapOpt-gpu-online\x64\Release\"
  C:\Program Files\NVIDIA GPU Computing Toolkit\CUDA\v9.2\bin\cudart32_92.dll
  C:\Program Files\NVIDIA GPU Computing Toolkit\CUDA\v9.2\bin\cudart64_92.dll
  已复制         2 个文件。
