d:\vs projects\colormap-optimization-gpu-online\colormap-optimization-gpu\x64\release\vc140.pdb
d:\vs projects\colormap-optimization-gpu-online\colormap-optimization-gpu\x64\release\stdafx.obj
d:\vs projects\colormap-optimization-gpu-online\colormap-optimization-gpu\x64\release\pyinterface.obj
d:\vs projects\colormap-optimization-gpu-online\colormap-optimization-gpu\x64\release\optimizer.obj
d:\vs projects\colormap-optimization-gpu-online\colormap-optimization-gpu\x64\release\mycolor.obj
d:\vs projects\colormap-optimization-gpu-online\colormap-optimization-gpu\x64\release\main.obj
d:\vs projects\colormap-optimization-gpu-online\x64\release\colormap-optimization-gpu.lib
d:\vs projects\colormap-optimization-gpu-online\x64\release\colormap-optimization-gpu.exp
d:\vs projects\colormap-optimization-gpu-online\x64\release\colormap-optimization-gpu.exe
d:\vs projects\colormap-optimization-gpu-online\x64\release\colormap-optimization-gpu.ipdb
d:\vs projects\colormap-optimization-gpu-online\x64\release\colormap-optimization-gpu.iobj
d:\vs projects\colormap-optimization-gpu-online\x64\release\colormap-optimization-gpu.pdb
d:\vs projects\colormap-optimization-gpu-online\colormap-optimization-gpu\x64\release\cuda_common.cu.cache
d:\vs projects\colormap-optimization-gpu-online\colormap-optimization-gpu\x64\release\colormap-optimization-gpu.device-link.obj
d:\vs projects\colormap-optimization-gpu-online\colormap-optimization-gpu\x64\release\cuda_common.cu.obj
d:\vs projects\colormap-optimization-gpu-online\x64\release\colormap-optimization-gpu.dll
d:\vs projects\colormap-optimization-gpu-online\colormap-optimization-gpu\x64\release\colormap.0a3c55c1.tlog\cl.command.1.tlog
d:\vs projects\colormap-optimization-gpu-online\colormap-optimization-gpu\x64\release\colormap.0a3c55c1.tlog\cl.read.1.tlog
d:\vs projects\colormap-optimization-gpu-online\colormap-optimization-gpu\x64\release\colormap.0a3c55c1.tlog\cl.write.1.tlog
d:\vs projects\colormap-optimization-gpu-online\colormap-optimization-gpu\x64\release\colormap.0a3c55c1.tlog\colormap-optimization-gpu.write.1u.tlog
d:\vs projects\colormap-optimization-gpu-online\colormap-optimization-gpu\x64\release\colormap.0a3c55c1.tlog\link.command.1.tlog
d:\vs projects\colormap-optimization-gpu-online\colormap-optimization-gpu\x64\release\colormap.0a3c55c1.tlog\link.read.1.tlog
d:\vs projects\colormap-optimization-gpu-online\colormap-optimization-gpu\x64\release\colormap.0a3c55c1.tlog\link.write.1.tlog
